<?xml version="1.0" encoding="UTF-8"?>
<!-- Generated by org.testng.reporters.JUnitReportReporter -->
<testsuite hostname="mohameds-mbp" failures="0" tests="1" name="TestCases.lanchJawwy" time="33.329" errors="0" timestamp="2023-06-26T23:33:50 EET" skipped="0">
  <testcase classname="TestCases.lanchJawwy" name="goToJawwy" time="33.329"/>
  <system-out/>
</testsuite> <!-- TestCases.lanchJawwy -->
